{"category":"qone.Sdk","filename":"/home/andre/code/tmp/ttt/InfinityXR/build/dev-debug/src/sdk/logging/logger.cpp","function":"void Infinity::Logging::init(const Config &)","level":"info","line":255,"msg":"","title":"Logger","ts":"2026-03-11T22:57:26.080Z"},
{"category":"qone.Sdk","filename":"/home/andre/code/tmp/ttt/InfinityXR/build/dev-debug/src/sdk/logging/logger.cpp","function":"void Infinity::Logging::init(const Config &)","level":"debug","line":256,"msg":"QList(QVariant(QString, \"Sdk\"), QVariant(QString, \"SdkEventBus\"), QVariant(QString, \"SdkPlugin\"), QVariant(QString, \"SdkAuth\"), QVariant(QString, \"SdkHttp\"), QVariant(QString, \"SdkCommand\"), QVariant(QString, \"Core\"), QVariant(QString, \"Network\"), QVariant(QString, \"Models\"), QVariant(QString, \"Style\"), QVariant(QString, \"App\"), QVariant(QString, \"qml\"))","title":"Available Logging Categories :","ts":"2026-03-11T22:57:26.080Z"},
{"category":"qone.App","filename":"/home/andre/code/tmp/ttt/InfinityXR/src/app/main.cpp","function":"int main(int, char **)","level":"debug","line":61,"msg":"0/gcc_64/qml","title":"Engine Path list:","ts":"2026-03-11T22:57:26.082Z"},
{"category":"qone.App","filename":"/home/andre/code/tmp/ttt/InfinityXR/src/app/bootstrap/appbootstrap.cpp","function":"qone::infinity::AppBootstrap::AppBootstrap(QQmlApplicationEngine &, QObject *)","level":"info","line":37,"msg":"Builder Created","title":"Bootstraping","ts":"2026-03-11T22:57:26.082Z"},
{"category":"qone.App","filename":"/home/andre/code/tmp/ttt/InfinityXR/src/app/bootstrap/installers/coreservicesinstaller.cpp","function":"virtual void qone::infinity::CoreServicesInstaller::installServices(AppBootstrapContext &)","level":"info","line":77,"msg":"/home/andre/code/tmp/ttt/InfinityXR/build/dev-debug/src/app/Plugins","title":"Search Plugins in directory","ts":"2026-03-11T22:57:26.083Z"},
{"category":"qone.App","filename":"/home/andre/code/tmp/ttt/InfinityXR/src/libs/infinity_core/src/ui/menumodel.cpp","function":"qone::core::MenuModel::MenuModel(qone::core::CommandRegistry *, QObject *)","level":"debug","line":16,"msg":"","title":"MenuModel: Constructor","ts":"2026-03-11T22:57:26.083Z"},
{"category":"qone.Core","filename":"/home/andre/code/tmp/ttt/InfinityXR/src/libs/infinity_core/src/services/serviceregistry.cpp","function":"virtual void qone::core::ServiceRegistry::registerService(const QString &, const QString &, QObject *)","level":"info","line":18,"msg":"IDialogService","title":"Registered","ts":"2026-03-11T22:57:26.083Z"},
{"category":"qone.Core","filename":"/home/andre/code/tmp/ttt/InfinityXR/src/libs/infinity_core/src/services/serviceregistry.cpp","function":"virtual void qone::core::ServiceRegistry::registerService(const QString &, const QString &, QObject *)","level":"info","line":18,"msg":"IEventBusService","title":"Registered","ts":"2026-03-11T22:57:26.083Z"},
{"category":"qone.Core","filename":"/home/andre/code/tmp/ttt/InfinityXR/src/libs/infinity_core/src/services/serviceregistry.cpp","function":"virtual void qone::core::ServiceRegistry::registerService(const QString &, const QString &, QObject *)","level":"info","line":18,"msg":"IHttpService","title":"Registered","ts":"2026-03-11T22:57:26.083Z"},
{"category":"qone.App","filename":"/home/andre/code/tmp/ttt/InfinityXR/src/app/bootstrap/installers/coreservicesinstaller.cpp","function":"virtual void qone::infinity::UiAndThemeInstaller::installServices(AppBootstrapContext &)","level":"debug","line":107,"msg":"en_US","title":"System locale","ts":"2026-03-11T22:57:26.083Z"},
{"category":"qone.App","filename":"/home/andre/code/tmp/ttt/InfinityXR/src/app/bootstrap/installers/coreservicesinstaller.cpp","function":"virtual void qone::infinity::UiAndThemeInstaller::installServices(AppBootstrapContext &)","level":"debug","line":119,"msg":"","title":"Registering Core UI","ts":"2026-03-11T22:57:26.083Z"},
{"category":"qone.Core","filename":"/home/andre/code/tmp/ttt/InfinityXR/src/libs/infinity_core/src/ui/viewregistry.cpp","function":"void qone::core::ViewRegistry::registerView(const qone::sdk::ViewDescriptor &)","level":"info","line":29,"msg":"preferences","title":"Storing View:","ts":"2026-03-11T22:57:26.083Z"},
{"category":"qone.Core","filename":"/home/andre/code/tmp/ttt/InfinityXR/src/libs/infinity_core/src/ui/menumodel.cpp","function":"void qone::core::MenuModel::rebuild()","level":"debug","line":108,"msg":"","title":"Rebuild MenuModel","ts":"2026-03-11T22:57:26.083Z"},
{"category":"qone.Core","filename":"/home/andre/code/tmp/ttt/InfinityXR/src/libs/infinity_core/src/kernel/pluginmanager.cpp","function":"void qone::core::PluginManager::loadSystemPlugins()","level":"info","line":40,"msg":"","title":"Loading System Plugins","ts":"2026-03-11T22:57:26.084Z"},
{"category":"qone.Core","filename":"/home/andre/code/tmp/ttt/InfinityXR/src/libs/infinity_core/src/kernel/pluginmanager.cpp","function":"void qone::core::PluginManager::loadSystemPlugins()","level":"info","line":47,"msg":"About","title":"Attempting to load system plugin:","ts":"2026-03-11T22:57:26.084Z"},
{"category":"qone.Core","filename":"/home/andre/code/tmp/ttt/InfinityXR/src/libs/infinity_core/src/kernel/pluginmanager.cpp","function":"bool qone::core::PluginManager::loadPlugin(const QString &)","level":"info","line":103,"msg":"About","title":"Entering loadPlugin for:","ts":"2026-03-11T22:57:26.084Z"},
{"category":"qone.Core","filename":"/home/andre/code/tmp/ttt/InfinityXR/src/libs/infinity_core/src/kernel/pluginmanager.cpp","function":"bool qone::core::PluginManager::loadPlugin(const QString &)","level":"info","line":116,"msg":"true","title":"Descriptor found","ts":"2026-03-11T22:57:26.084Z"},
{"category":"qone.Core","filename":"/home/andre/code/tmp/ttt/InfinityXR/src/libs/infinity_core/src/kernel/pluginmanager.cpp","function":"bool qone::core::PluginManager::loadPlugin(const QString &)","level":"info","line":137,"msg":"","title":"Plugin Loaded","ts":"2026-03-11T22:57:26.085Z"},
{"category":"qone.Core","filename":"/home/andre/code/tmp/ttt/InfinityXR/src/libs/infinity_core/src/kernel/viewextensionhandler.cpp","function":"virtual void qone::core::ViewExtensionHandler::onPluginLoaded(const QString &, PluginInstance *)","level":"info","line":21,"msg":"About","title":"ViewExtensionHandler:","ts":"2026-03-11T22:57:26.085Z"},
{"category":"qone.Core","filename":"/home/andre/code/tmp/ttt/InfinityXR/src/libs/infinity_core/src/ui/viewregistry.cpp","function":"void qone::core::ViewRegistry::registerView(const qone::sdk::ViewDescriptor &)","level":"info","line":29,"msg":"about","title":"Storing View:","ts":"2026-03-11T22:57:26.085Z"},
{"category":"qone.Core","filename":"/home/andre/code/tmp/ttt/InfinityXR/src/libs/infinity_core/src/kernel/commandextensionhandler.cpp","function":"virtual void qone::core::CommandExtensionHandler::onPluginLoaded(const QString &, PluginInstance *)","level":"info","line":23,"msg":"about","title":"Registered Command:","ts":"2026-03-11T22:57:26.085Z"},
{"category":"qone.SdkEventBus","filename":"/home/andre/code/tmp/ttt/InfinityXR/src/sdk/include/Infinity/sdk/contracts/IEventPublisher.h","function":"void qone::sdk::IEventPublisher::publish(const E &) [E = qone::sdk::events::PluginLoaded]","level":"debug","line":30,"msg":"\"Publishing event of type:\" N4qone3sdk6events12PluginLoadedE","title":"PUBLISH:","ts":"2026-03-11T22:57:26.085Z"},
{"category":"qone.Core","filename":"/home/andre/code/tmp/ttt/InfinityXR/src/libs/infinity_core/src/kernel/pluginmanager.cpp","function":"bool qone::core::PluginManager::loadPlugin(const QString &)","level":"info","line":154,"msg":"","title":"Plugin load flow complete","ts":"2026-03-11T22:57:26.085Z"},
{"category":"qone.Core","filename":"/home/andre/code/tmp/ttt/InfinityXR/src/libs/infinity_core/src/kernel/pluginmanager.cpp","function":"void qone::core::PluginManager::loadSystemPlugins()","level":"info","line":47,"msg":"Authentication","title":"Attempting to load system plugin:","ts":"2026-03-11T22:57:26.085Z"},
{"category":"qone.Core","filename":"/home/andre/code/tmp/ttt/InfinityXR/src/libs/infinity_core/src/kernel/pluginmanager.cpp","function":"bool qone::core::PluginManager::loadPlugin(const QString &)","level":"info","line":103,"msg":"Authentication","title":"Entering loadPlugin for:","ts":"2026-03-11T22:57:26.085Z"},
{"category":"qone.Core","filename":"/home/andre/code/tmp/ttt/InfinityXR/src/libs/infinity_core/src/kernel/pluginmanager.cpp","function":"bool qone::core::PluginManager::loadPlugin(const QString &)","level":"info","line":116,"msg":"true","title":"Descriptor found","ts":"2026-03-11T22:57:26.085Z"},
{"category":"qone.Core","filename":"/home/andre/code/tmp/ttt/InfinityXR/src/Plugins/Authentication/authplugin.cpp","function":"virtual void AuthPlugin::onLoad()","level":"info","line":22,"msg":"","title":"AuthPlugin: Loading System Plugin","ts":"2026-03-11T22:57:26.086Z"},
{"category":"qone.Core","filename":"/home/andre/code/tmp/ttt/InfinityXR/src/libs/infinity_core/src/kernel/pluginmanager.cpp","function":"bool qone::core::PluginManager::loadPlugin(const QString &)","level":"info","line":137,"msg":"","title":"Plugin Loaded","ts":"2026-03-11T22:57:26.086Z"},
{"category":"qone.Core","filename":"/home/andre/code/tmp/ttt/InfinityXR/src/Plugins/Authentication/authplugin.cpp","function":"virtual void *AuthPlugin::extension(const QString &)","level":"info","line":50,"msg":"IRequiresContext","title":"Extension Request","ts":"2026-03-11T22:57:26.086Z"},
{"category":"qone.Core","filename":"/home/andre/code/tmp/ttt/InfinityXR/src/Plugins/Authentication/authplugin.cpp","function":"virtual void *AuthPlugin::extension(const QString &)","level":"info","line":50,"msg":"IViewContributor","title":"Extension Request","ts":"2026-03-11T22:57:26.086Z"},
{"category":"qone.Core","filename":"/home/andre/code/tmp/ttt/InfinityXR/src/Plugins/Authentication/authplugin.cpp","function":"virtual void *AuthPlugin::extension(const QString &)","level":"info","line":61,"msg":"Returning ViewContributor","title":"AuthPlugin:","ts":"2026-03-11T22:57:26.086Z"},
{"category":"qone.Core","filename":"/home/andre/code/tmp/ttt/InfinityXR/src/Plugins/Authentication/authservice.cpp","function":"virtual QList<qone::sdk::ViewDescriptor> AuthService::views() const","level":"info","line":92,"msg":"Generating View Descriptor for Login","ts":"2026-03-11T22:57:26.086Z"},
{"category":"qone.Core","filename":"/home/andre/code/tmp/ttt/InfinityXR/src/Plugins/Authentication/authservice.cpp","function":"virtual QList<qone::sdk::ViewDescriptor> AuthService::views() const","level":"info","line":97,"msg":"qml\")","title":"Generated URL:","ts":"2026-03-11T22:57:26.086Z"},
{"category":"qone.Core","filename":"/home/andre/code/tmp/ttt/InfinityXR/src/libs/infinity_core/src/kernel/viewextensionhandler.cpp","function":"virtual void qone::core::ViewExtensionHandler::onPluginLoaded(const QString &, PluginInstance *)","level":"info","line":21,"msg":"Authentication","title":"ViewExtensionHandler:","ts":"2026-03-11T22:57:26.086Z"},
{"category":"qone.Core","filename":"/home/andre/code/tmp/ttt/InfinityXR/src/libs/infinity_core/src/ui/viewregistry.cpp","function":"void qone::core::ViewRegistry::registerView(const qone::sdk::ViewDescriptor &)","level":"info","line":29,"msg":"login","title":"Storing View:","ts":"2026-03-11T22:57:26.086Z"},
{"category":"qone.Core","filename":"/home/andre/code/tmp/ttt/InfinityXR/src/Plugins/Authentication/authplugin.cpp","function":"virtual void *AuthPlugin::extension(const QString &)","level":"info","line":50,"msg":"ICommandContributor","title":"Extension Request","ts":"2026-03-11T22:57:26.086Z"},
{"category":"qone.Core","filename":"/home/andre/code/tmp/ttt/InfinityXR/src/Plugins/Authentication/authplugin.cpp","function":"virtual void *AuthPlugin::extension(const QString &)","level":"info","line":66,"msg":"Returning CommandContributor","title":"AuthPlugin:","ts":"2026-03-11T22:57:26.086Z"},
{"category":"qone.Core","filename":"/home/andre/code/tmp/ttt/InfinityXR/src/libs/infinity_core/src/kernel/commandextensionhandler.cpp","function":"virtual void qone::core::CommandExtensionHandler::onPluginLoaded(const QString &, PluginInstance *)","level":"info","line":23,"msg":"login","title":"Registered Command:","ts":"2026-03-11T22:57:26.087Z"},
{"category":"qone.Core","filename":"/home/andre/code/tmp/ttt/InfinityXR/src/Plugins/Authentication/authplugin.cpp","function":"virtual void *AuthPlugin::extension(const QString &)","level":"info","line":50,"msg":"IAuthService","title":"Extension Request","ts":"2026-03-11T22:57:26.087Z"},
{"category":"qone.App","filename":"/home/andre/code/tmp/ttt/InfinityXR/src/app/bootstrap/authextensionhandler.h","function":"virtual void qone::infinity::AuthExtensionHandler::onPluginLoaded(const QString &, qone::core::PluginInstance *)","level":"info","line":24,"msg":"Authentication","title":"AuthExtensionHandler: Wiring AuthService from  Plugins","ts":"2026-03-11T22:57:26.087Z"},
{"category":"qone.Core","filename":"/home/andre/code/tmp/ttt/InfinityXR/src/Plugins/Authentication/authplugin.cpp","function":"virtual void *AuthPlugin::extension(const QString &)","level":"info","line":50,"msg":"IPreferencesContributor","title":"Extension Request","ts":"2026-03-11T22:57:26.087Z"},
{"category":"qone.SdkEventBus","filename":"/home/andre/code/tmp/ttt/InfinityXR/src/sdk/include/Infinity/sdk/contracts/IEventPublisher.h","function":"void qone::sdk::IEventPublisher::publish(const E &) [E = qone::sdk::events::PluginLoaded]","level":"debug","line":30,"msg":"\"Publishing event of type:\" N4qone3sdk6events12PluginLoadedE","title":"PUBLISH:","ts":"2026-03-11T22:57:26.087Z"},
{"category":"qone.Core","filename":"/home/andre/code/tmp/ttt/InfinityXR/src/libs/infinity_core/src/kernel/pluginmanager.cpp","function":"bool qone::core::PluginManager::loadPlugin(const QString &)","level":"info","line":154,"msg":"","title":"Plugin load flow complete","ts":"2026-03-11T22:57:26.087Z"},
{"category":"qone.Core","filename":"/home/andre/code/tmp/ttt/InfinityXR/src/Plugins/Authentication/authplugin.cpp","function":"virtual void AuthPlugin::onUnload()","level":"info","line":26,"msg":"","title":"AuthPlugin: Unloading","ts":"2026-03-11T22:57:26.087Z"},
{"category":"qone.Core","filename":"/home/andre/code/tmp/ttt/InfinityXR/src/libs/infinity_core/src/ui/menumodel.cpp","function":"void qone::core::MenuModel::rebuild()","level":"debug","line":108,"msg":"","title":"Rebuild MenuModel","ts":"2026-03-11T22:57:26.087Z"},
{"category":"qone.App","filename":"/home/andre/code/tmp/ttt/InfinityXR/src/app/bootstrap/appbootstrap.cpp","function":"void qone::infinity::AppBootstrap::build()","level":"debug","line":86,"msg":"","title":"Bootstrap Built successfully!","ts":"2026-03-11T22:57:26.087Z"},
{"category":"qml","filename":"qrc:/qt/qml/Infinity/views/Main.qml","function":"expression for onActiveChanged","level":"debug","line":52,"msg":"Fetching source","title":"Log","ts":"2026-03-11T22:57:28.276Z"},
{"category":"qone.Core","filename":"/home/andre/code/tmp/ttt/InfinityXR/src/libs/infinity_core/src/ui/viewregistry.cpp","function":"QUrl qone::core::ViewRegistry::getViewSource(const QString &) const","level":"debug","line":11,"msg":"login","title":"QML requesting","ts":"2026-03-11T22:57:28.276Z"},
{"category":"qone.Core","filename":"/home/andre/code/tmp/ttt/InfinityXR/src/libs/infinity_core/src/ui/viewregistry.cpp","function":"QUrl qone::core::ViewRegistry::getViewSource(const QString &) const","level":"debug","line":17,"msg":"qml\")","title":"Found! Returning:","ts":"2026-03-11T22:57:28.276Z"},
{"category":"qml","filename":"qrc:/qt/qml/Infinity/views/Main.qml","function":"expression for onActiveChanged","level":"debug","line":54,"msg":"qml","title":"Log","ts":"2026-03-11T22:57:28.276Z"},
{"category":"qml","filename":"qrc:/qt/qml/Infinity/views/Main.qml","function":"expression for onStatusChanged","level":"debug","line":63,"msg":"Loading component","title":"Log","ts":"2026-03-11T22:57:28.277Z"},
{"category":"qml","filename":"qrc:/qt/qml/Infinity/views/Main.qml","function":"expression for onSourceChanged","level":"debug","line":59,"msg":"qml","title":"Log","ts":"2026-03-11T22:57:28.277Z"},
{"category":"qone.Core","filename":"/home/andre/code/tmp/ttt/InfinityXR/src/libs/infinity_core/src/ui/sessionmanager.cpp","function":"void qone::core::SessionManager::setState(SessionState)","level":"debug","line":38,"msg":"State changed to: Authenticating","title":"SessionManager","ts":"2026-03-11T22:57:28.277Z"},
{"category":"qml","filename":"qrc:/qt/qml/Infinity/views/Main.qml","function":"expression for onSourceChanged","level":"debug","line":59,"msg":"qml","title":"Log","ts":"2026-03-11T22:57:28.311Z"},
{"category":"qml","filename":"qrc:/qt/qml/Infinity/views/Main.qml","function":"expression for onStatusChanged","level":"debug","line":65,"msg":"Component Ready!","title":"Log","ts":"2026-03-11T22:57:28.311Z"},
{"category":"qml","filename":"qrc:/qt/qml/Infinity/views/Main.qml","function":"expression for onLoaded","level":"debug","line":72,"msg":"","title":"Log","ts":"2026-03-11T22:57:28.311Z"},
{"category":"qone.Core","filename":"/home/andre/code/tmp/ttt/InfinityXR/src/libs/infinity_core/src/interaction/actiondispatcher.cpp","function":"void qone::core::ActionDispatcher::dispatch(const QString &, const QVariantMap &)","level":"info","line":42,"msg":"in\")))","title":"ActionDispatcher","ts":"2026-03-11T22:57:29.883Z"},
{"category":"qone.Core","filename":"/home/andre/code/tmp/ttt/InfinityXR/src/libs/infinity_core/src/interaction/actiondispatcher.cpp","function":"void qone::core::ActionDispatcher::execute(QUndoCommand *, bool)","level":"debug","line":30,"msg":"in","title":"Executing command:","ts":"2026-03-11T22:57:29.883Z"},
{"category":"qone.Core","filename":"/home/andre/code/tmp/ttt/InfinityXR/src/Plugins/Authentication/logincommand.cpp","function":"virtual void LoginCommand::redo()","level":"info","line":15,"msg":"","title":"LoginCommand:","ts":"2026-03-11T22:57:29.883Z"},
{"category":"qone.Network","filename":"/home/andre/code/tmp/ttt/InfinityXR/src/Plugins/Authentication/authservice.cpp","function":"virtual void AuthService::authenticate(const QString &, const QString &, std::function<void (qone::sdk::AuthResult)>)","level":"info","line":33,"msg":"","title":"Enviando requisicao de login para a API","ts":"2026-03-11T22:57:29.883Z"},
{"category":"qt.tlsbackend.ossl","filename":"","function":"","level":"warning","line":0,"msg":"x)","title":"Log","ts":"2026-03-11T22:57:29.886Z"},
{"category":"qt.network.ssl","filename":"","function":"","level":"warning","line":0,"msg":"The backend \"cert-only\" does not support QSslKey","title":"Log","ts":"2026-03-11T22:57:29.886Z"},
{"category":"qt.network.ssl","filename":"","function":"","level":"warning","line":0,"msg":"Active TLS backend does not support key creation","title":"Log","ts":"2026-03-11T22:57:29.886Z"},
{"category":"qt.network.ssl","filename":"","function":"","level":"warning","line":0,"msg":"The backend \"cert-only\" does not support QSslKey","title":"Log","ts":"2026-03-11T22:57:29.886Z"},
{"category":"qt.network.ssl","filename":"","function":"","level":"warning","line":0,"msg":"Active TLS backend does not support key creation","title":"Log","ts":"2026-03-11T22:57:29.886Z"},
{"category":"qt.network.ssl","filename":"","function":"","level":"warning","line":0,"msg":"The backend \"cert-only\" does not support QSslKey","title":"Log","ts":"2026-03-11T22:57:29.886Z"},
{"category":"qt.network.ssl","filename":"","function":"","level":"warning","line":0,"msg":"Active TLS backend does not support key creation","title":"Log","ts":"2026-03-11T22:57:29.887Z"},
{"category":"qt.network.ssl","filename":"","function":"","level":"warning","line":0,"msg":"The backend \"cert-only\" does not support QSslKey","title":"Log","ts":"2026-03-11T22:57:29.887Z"},
{"category":"qt.network.ssl","filename":"","function":"","level":"warning","line":0,"msg":"Active TLS backend does not support key creation","title":"Log","ts":"2026-03-11T22:57:29.887Z"},
{"category":"qt.network.ssl","filename":"","function":"","level":"warning","line":0,"msg":"The backend \"cert-only\" does not support QSslKey","title":"Log","ts":"2026-03-11T22:57:29.904Z"},
{"category":"qt.network.ssl","filename":"","function":"","level":"warning","line":0,"msg":"Active TLS backend does not support key creation","title":"Log","ts":"2026-03-11T22:57:29.904Z"},
{"category":"qt.network.ssl","filename":"","function":"","level":"warning","line":0,"msg":"The backend \"cert-only\" does not support QSslKey","title":"Log","ts":"2026-03-11T22:57:29.904Z"},
{"category":"qt.network.ssl","filename":"","function":"","level":"warning","line":0,"msg":"Active TLS backend does not support key creation","title":"Log","ts":"2026-03-11T22:57:29.904Z"},
{"category":"qt.network.ssl","filename":"","function":"","level":"warning","line":0,"msg":"The backend \"cert-only\" does not support QSslSocket","title":"Log","ts":"2026-03-11T22:57:29.904Z"},
{"category":"qt.network.ssl","filename":"","function":"","level":"warning","line":0,"msg":"The backend named \"cert-only\" does not support TLS","title":"Log","ts":"2026-03-11T22:57:29.904Z"},
{"category":"qt.network.ssl","filename":"","function":"","level":"warning","line":0,"msg":"QSslSocket::connectToHostEncrypted: TLS initialization failed","title":"Log","ts":"2026-03-11T22:57:29.904Z"},
{"category":"qt.network.ssl","filename":"","function":"","level":"warning","line":0,"msg":"QSslSocket::connectToHostEncrypted: TLS initialization failed","title":"Log","ts":"2026-03-11T22:57:29.904Z"},
{"category":"qone.Network","filename":"/home/andre/code/tmp/ttt/InfinityXR/src/Plugins/Authentication/authservice.cpp","function":"auto AuthService::authenticate(const QString &, const QString &, std::function<void (qone::sdk::AuthResult)>)::(anonymous class)::operator()(qone::sdk::HttpResult) const","level":"warning","line":63,"msg":"\"Falha no Login:\" \"TLS initialization failed\" \"HTTP Status:\" 0","title":"Log","ts":"2026-03-11T22:57:29.904Z"},
{"category":"qone.Core","filename":"/home/andre/code/tmp/ttt/InfinityXR/src/Plugins/Authentication/logincommand.cpp","function":"auto LoginCommand::redo()::(anonymous class)::operator()(qone::sdk::AuthResult) const","level":"warning","line":25,"msg":"Login Failed: \"TLS initialization failed\"","title":"Log","ts":"2026-03-11T22:57:29.905Z"},
{"category":"qone.App","filename":"/home/andre/code/tmp/ttt/InfinityXR/src/app/services/systemsignalhandler.cpp","function":"void qone::infinity::SystemSignalHandler::handleGracefulSignal()","level":"info","line":82,"msg":"","title":"Log","ts":"2026-03-11T22:57:37.059Z"},
{"category":"qone.App","filename":"/home/andre/code/tmp/ttt/InfinityXR/src/app/bootstrap/installers/coreservicesinstaller.cpp","function":"auto qone::infinity::CoreServicesInstaller::installServices(AppBootstrapContext &)::(anonymous class)::operator()() const","level":"debug","line":74,"msg":"","title":"Graceful shutdown requested by OS","ts":"2026-03-11T22:57:37.059Z"},
{"category":"qone.App","filename":"/home/andre/code/tmp/ttt/InfinityXR/src/app/main.cpp","function":"int main(int, char **)","level":"debug","line":88,"msg":"The application was successfully finished","ts":"2026-03-11T22:57:37.061Z"},
{"category":"qone.Core","filename":"/home/andre/code/tmp/ttt/InfinityXR/src/Plugins/Authentication/authplugin.cpp","function":"virtual void AuthPlugin::onUnload()","level":"info","line":26,"msg":"","title":"AuthPlugin: Unloading","ts":"2026-03-11T22:57:37.061Z"},
{"category":"qone.Sdk","filename":"/home/andre/code/tmp/ttt/InfinityXR/build/dev-debug/src/sdk/logging/logger.cpp","function":"void Infinity::Logging::init(const Config &)","level":"info","line":255,"msg":"","title":"Logger","ts":"2026-03-11T22:58:33.252Z"},
{"category":"qone.Sdk","filename":"/home/andre/code/tmp/ttt/InfinityXR/build/dev-debug/src/sdk/logging/logger.cpp","function":"void Infinity::Logging::init(const Config &)","level":"debug","line":256,"msg":"QList(QVariant(QString, \"Sdk\"), QVariant(QString, \"SdkEventBus\"), QVariant(QString, \"SdkPlugin\"), QVariant(QString, \"SdkAuth\"), QVariant(QString, \"SdkHttp\"), QVariant(QString, \"SdkCommand\"), QVariant(QString, \"Core\"), QVariant(QString, \"Network\"), QVariant(QString, \"Models\"), QVariant(QString, \"Style\"), QVariant(QString, \"App\"), QVariant(QString, \"qml\"))","title":"Available Logging Categories :","ts":"2026-03-11T22:58:33.253Z"},
{"category":"qone.App","filename":"/home/andre/code/tmp/ttt/InfinityXR/src/app/main.cpp","function":"int main(int, char **)","level":"debug","line":61,"msg":"0/gcc_64/qml","title":"Engine Path list:","ts":"2026-03-11T22:58:33.255Z"},
{"category":"qone.App","filename":"/home/andre/code/tmp/ttt/InfinityXR/src/app/bootstrap/appbootstrap.cpp","function":"qone::infinity::AppBootstrap::AppBootstrap(QQmlApplicationEngine &, QObject *)","level":"info","line":37,"msg":"Builder Created","title":"Bootstraping","ts":"2026-03-11T22:58:33.255Z"},
{"category":"qone.App","filename":"/home/andre/code/tmp/ttt/InfinityXR/src/app/bootstrap/installers/coreservicesinstaller.cpp","function":"virtual void qone::infinity::CoreServicesInstaller::installServices(AppBootstrapContext &)","level":"info","line":77,"msg":"/home/andre/code/tmp/ttt/InfinityXR/build/dev-debug/src/app/Plugins","title":"Search Plugins in directory","ts":"2026-03-11T22:58:33.255Z"},
{"category":"qone.App","filename":"/home/andre/code/tmp/ttt/InfinityXR/src/libs/infinity_core/src/ui/menumodel.cpp","function":"qone::core::MenuModel::MenuModel(qone::core::CommandRegistry *, QObject *)","level":"debug","line":16,"msg":"","title":"MenuModel: Constructor","ts":"2026-03-11T22:58:33.255Z"},
{"category":"qone.Core","filename":"/home/andre/code/tmp/ttt/InfinityXR/src/libs/infinity_core/src/services/serviceregistry.cpp","function":"virtual void qone::core::ServiceRegistry::registerService(const QString &, const QString &, QObject *)","level":"info","line":18,"msg":"IDialogService","title":"Registered","ts":"2026-03-11T22:58:33.255Z"},
{"category":"qone.Core","filename":"/home/andre/code/tmp/ttt/InfinityXR/src/libs/infinity_core/src/services/serviceregistry.cpp","function":"virtual void qone::core::ServiceRegistry::registerService(const QString &, const QString &, QObject *)","level":"info","line":18,"msg":"IEventBusService","title":"Registered","ts":"2026-03-11T22:58:33.255Z"},
{"category":"qone.Core","filename":"/home/andre/code/tmp/ttt/InfinityXR/src/libs/infinity_core/src/services/serviceregistry.cpp","function":"virtual void qone::core::ServiceRegistry::registerService(const QString &, const QString &, QObject *)","level":"info","line":18,"msg":"IHttpService","title":"Registered","ts":"2026-03-11T22:58:33.255Z"},
{"category":"qone.App","filename":"/home/andre/code/tmp/ttt/InfinityXR/src/app/bootstrap/installers/coreservicesinstaller.cpp","function":"virtual void qone::infinity::UiAndThemeInstaller::installServices(AppBootstrapContext &)","level":"debug","line":107,"msg":"en_US","title":"System locale","ts":"2026-03-11T22:58:33.255Z"},
{"category":"qone.App","filename":"/home/andre/code/tmp/ttt/InfinityXR/src/app/bootstrap/installers/coreservicesinstaller.cpp","function":"virtual void qone::infinity::UiAndThemeInstaller::installServices(AppBootstrapContext &)","level":"debug","line":119,"msg":"","title":"Registering Core UI","ts":"2026-03-11T22:58:33.255Z"},
{"category":"qone.Core","filename":"/home/andre/code/tmp/ttt/InfinityXR/src/libs/infinity_core/src/ui/viewregistry.cpp","function":"void qone::core::ViewRegistry::registerView(const qone::sdk::ViewDescriptor &)","level":"info","line":29,"msg":"preferences","title":"Storing View:","ts":"2026-03-11T22:58:33.256Z"},
{"category":"qone.Core","filename":"/home/andre/code/tmp/ttt/InfinityXR/src/libs/infinity_core/src/ui/menumodel.cpp","function":"void qone::core::MenuModel::rebuild()","level":"debug","line":108,"msg":"","title":"Rebuild MenuModel","ts":"2026-03-11T22:58:33.256Z"},
{"category":"qone.Core","filename":"/home/andre/code/tmp/ttt/InfinityXR/src/libs/infinity_core/src/kernel/pluginmanager.cpp","function":"void qone::core::PluginManager::loadSystemPlugins()","level":"info","line":40,"msg":"","title":"Loading System Plugins","ts":"2026-03-11T22:58:33.256Z"},
{"category":"qone.Core","filename":"/home/andre/code/tmp/ttt/InfinityXR/src/libs/infinity_core/src/kernel/pluginmanager.cpp","function":"void qone::core::PluginManager::loadSystemPlugins()","level":"info","line":47,"msg":"About","title":"Attempting to load system plugin:","ts":"2026-03-11T22:58:33.256Z"},
{"category":"qone.Core","filename":"/home/andre/code/tmp/ttt/InfinityXR/src/libs/infinity_core/src/kernel/pluginmanager.cpp","function":"bool qone::core::PluginManager::loadPlugin(const QString &)","level":"info","line":103,"msg":"About","title":"Entering loadPlugin for:","ts":"2026-03-11T22:58:33.256Z"},
{"category":"qone.Core","filename":"/home/andre/code/tmp/ttt/InfinityXR/src/libs/infinity_core/src/kernel/pluginmanager.cpp","function":"bool qone::core::PluginManager::loadPlugin(const QString &)","level":"info","line":116,"msg":"true","title":"Descriptor found","ts":"2026-03-11T22:58:33.256Z"},
{"category":"qone.Core","filename":"/home/andre/code/tmp/ttt/InfinityXR/src/libs/infinity_core/src/kernel/pluginmanager.cpp","function":"bool qone::core::PluginManager::loadPlugin(const QString &)","level":"info","line":137,"msg":"","title":"Plugin Loaded","ts":"2026-03-11T22:58:33.257Z"},
{"category":"qone.Core","filename":"/home/andre/code/tmp/ttt/InfinityXR/src/libs/infinity_core/src/kernel/viewextensionhandler.cpp","function":"virtual void qone::core::ViewExtensionHandler::onPluginLoaded(const QString &, PluginInstance *)","level":"info","line":21,"msg":"About","title":"ViewExtensionHandler:","ts":"2026-03-11T22:58:33.257Z"},
{"category":"qone.Core","filename":"/home/andre/code/tmp/ttt/InfinityXR/src/libs/infinity_core/src/ui/viewregistry.cpp","function":"void qone::core::ViewRegistry::registerView(const qone::sdk::ViewDescriptor &)","level":"info","line":29,"msg":"about","title":"Storing View:","ts":"2026-03-11T22:58:33.257Z"},
{"category":"qone.Core","filename":"/home/andre/code/tmp/ttt/InfinityXR/src/libs/infinity_core/src/kernel/commandextensionhandler.cpp","function":"virtual void qone::core::CommandExtensionHandler::onPluginLoaded(const QString &, PluginInstance *)","level":"info","line":23,"msg":"about","title":"Registered Command:","ts":"2026-03-11T22:58:33.257Z"},
{"category":"qone.SdkEventBus","filename":"/home/andre/code/tmp/ttt/InfinityXR/src/sdk/include/Infinity/sdk/contracts/IEventPublisher.h","function":"void qone::sdk::IEventPublisher::publish(const E &) [E = qone::sdk::events::PluginLoaded]","level":"debug","line":30,"msg":"\"Publishing event of type:\" N4qone3sdk6events12PluginLoadedE","title":"PUBLISH:","ts":"2026-03-11T22:58:33.257Z"},
{"category":"qone.Core","filename":"/home/andre/code/tmp/ttt/InfinityXR/src/libs/infinity_core/src/kernel/pluginmanager.cpp","function":"bool qone::core::PluginManager::loadPlugin(const QString &)","level":"info","line":154,"msg":"","title":"Plugin load flow complete","ts":"2026-03-11T22:58:33.258Z"},
{"category":"qone.Core","filename":"/home/andre/code/tmp/ttt/InfinityXR/src/libs/infinity_core/src/kernel/pluginmanager.cpp","function":"void qone::core::PluginManager::loadSystemPlugins()","level":"info","line":47,"msg":"Authentication","title":"Attempting to load system plugin:","ts":"2026-03-11T22:58:33.258Z"},
{"category":"qone.Core","filename":"/home/andre/code/tmp/ttt/InfinityXR/src/libs/infinity_core/src/kernel/pluginmanager.cpp","function":"bool qone::core::PluginManager::loadPlugin(const QString &)","level":"info","line":103,"msg":"Authentication","title":"Entering loadPlugin for:","ts":"2026-03-11T22:58:33.258Z"},
{"category":"qone.Core","filename":"/home/andre/code/tmp/ttt/InfinityXR/src/libs/infinity_core/src/kernel/pluginmanager.cpp","function":"bool qone::core::PluginManager::loadPlugin(const QString &)","level":"info","line":116,"msg":"true","title":"Descriptor found","ts":"2026-03-11T22:58:33.258Z"},
{"category":"qone.Core","filename":"/home/andre/code/tmp/ttt/InfinityXR/src/Plugins/Authentication/authplugin.cpp","function":"virtual void AuthPlugin::onLoad()","level":"info","line":22,"msg":"","title":"AuthPlugin: Loading System Plugin","ts":"2026-03-11T22:58:33.258Z"},
{"category":"qone.Core","filename":"/home/andre/code/tmp/ttt/InfinityXR/src/libs/infinity_core/src/kernel/pluginmanager.cpp","function":"bool qone::core::PluginManager::loadPlugin(const QString &)","level":"info","line":137,"msg":"","title":"Plugin Loaded","ts":"2026-03-11T22:58:33.258Z"},
{"category":"qone.Core","filename":"/home/andre/code/tmp/ttt/InfinityXR/src/Plugins/Authentication/authplugin.cpp","function":"virtual void *AuthPlugin::extension(const QString &)","level":"info","line":50,"msg":"IRequiresContext","title":"Extension Request","ts":"2026-03-11T22:58:33.258Z"},
{"category":"qone.Core","filename":"/home/andre/code/tmp/ttt/InfinityXR/src/Plugins/Authentication/authplugin.cpp","function":"virtual void *AuthPlugin::extension(const QString &)","level":"info","line":50,"msg":"IViewContributor","title":"Extension Request","ts":"2026-03-11T22:58:33.259Z"},
{"category":"qone.Core","filename":"/home/andre/code/tmp/ttt/InfinityXR/src/Plugins/Authentication/authplugin.cpp","function":"virtual void *AuthPlugin::extension(const QString &)","level":"info","line":61,"msg":"Returning ViewContributor","title":"AuthPlugin:","ts":"2026-03-11T22:58:33.259Z"},
{"category":"qone.Core","filename":"/home/andre/code/tmp/ttt/InfinityXR/src/Plugins/Authentication/authservice.cpp","function":"virtual QList<qone::sdk::ViewDescriptor> AuthService::views() const","level":"info","line":92,"msg":"Generating View Descriptor for Login","ts":"2026-03-11T22:58:33.259Z"},
{"category":"qone.Core","filename":"/home/andre/code/tmp/ttt/InfinityXR/src/Plugins/Authentication/authservice.cpp","function":"virtual QList<qone::sdk::ViewDescriptor> AuthService::views() const","level":"info","line":97,"msg":"qml\")","title":"Generated URL:","ts":"2026-03-11T22:58:33.259Z"},
{"category":"qone.Core","filename":"/home/andre/code/tmp/ttt/InfinityXR/src/libs/infinity_core/src/kernel/viewextensionhandler.cpp","function":"virtual void qone::core::ViewExtensionHandler::onPluginLoaded(const QString &, PluginInstance *)","level":"info","line":21,"msg":"Authentication","title":"ViewExtensionHandler:","ts":"2026-03-11T22:58:33.259Z"},
{"category":"qone.Core","filename":"/home/andre/code/tmp/ttt/InfinityXR/src/libs/infinity_core/src/ui/viewregistry.cpp","function":"void qone::core::ViewRegistry::registerView(const qone::sdk::ViewDescriptor &)","level":"info","line":29,"msg":"login","title":"Storing View:","ts":"2026-03-11T22:58:33.259Z"},
{"category":"qone.Core","filename":"/home/andre/code/tmp/ttt/InfinityXR/src/Plugins/Authentication/authplugin.cpp","function":"virtual void *AuthPlugin::extension(const QString &)","level":"info","line":50,"msg":"ICommandContributor","title":"Extension Request","ts":"2026-03-11T22:58:33.259Z"},
{"category":"qone.Core","filename":"/home/andre/code/tmp/ttt/InfinityXR/src/Plugins/Authentication/authplugin.cpp","function":"virtual void *AuthPlugin::extension(const QString &)","level":"info","line":66,"msg":"Returning CommandContributor","title":"AuthPlugin:","ts":"2026-03-11T22:58:33.259Z"},
{"category":"qone.Core","filename":"/home/andre/code/tmp/ttt/InfinityXR/src/libs/infinity_core/src/kernel/commandextensionhandler.cpp","function":"virtual void qone::core::CommandExtensionHandler::onPluginLoaded(const QString &, PluginInstance *)","level":"info","line":23,"msg":"login","title":"Registered Command:","ts":"2026-03-11T22:58:33.259Z"},
{"category":"qone.Core","filename":"/home/andre/code/tmp/ttt/InfinityXR/src/Plugins/Authentication/authplugin.cpp","function":"virtual void *AuthPlugin::extension(const QString &)","level":"info","line":50,"msg":"IAuthService","title":"Extension Request","ts":"2026-03-11T22:58:33.259Z"},
{"category":"qone.App","filename":"/home/andre/code/tmp/ttt/InfinityXR/src/app/bootstrap/authextensionhandler.h","function":"virtual void qone::infinity::AuthExtensionHandler::onPluginLoaded(const QString &, qone::core::PluginInstance *)","level":"info","line":24,"msg":"Authentication","title":"AuthExtensionHandler: Wiring AuthService from  Plugins","ts":"2026-03-11T22:58:33.259Z"},
{"category":"qone.Core","filename":"/home/andre/code/tmp/ttt/InfinityXR/src/Plugins/Authentication/authplugin.cpp","function":"virtual void *AuthPlugin::extension(const QString &)","level":"info","line":50,"msg":"IPreferencesContributor","title":"Extension Request","ts":"2026-03-11T22:58:33.259Z"},
{"category":"qone.SdkEventBus","filename":"/home/andre/code/tmp/ttt/InfinityXR/src/sdk/include/Infinity/sdk/contracts/IEventPublisher.h","function":"void qone::sdk::IEventPublisher::publish(const E &) [E = qone::sdk::events::PluginLoaded]","level":"debug","line":30,"msg":"\"Publishing event of type:\" N4qone3sdk6events12PluginLoadedE","title":"PUBLISH:","ts":"2026-03-11T22:58:33.259Z"},
{"category":"qone.Core","filename":"/home/andre/code/tmp/ttt/InfinityXR/src/libs/infinity_core/src/kernel/pluginmanager.cpp","function":"bool qone::core::PluginManager::loadPlugin(const QString &)","level":"info","line":154,"msg":"","title":"Plugin load flow complete","ts":"2026-03-11T22:58:33.259Z"},
{"category":"qone.Core","filename":"/home/andre/code/tmp/ttt/InfinityXR/src/Plugins/Authentication/authplugin.cpp","function":"virtual void AuthPlugin::onUnload()","level":"info","line":26,"msg":"","title":"AuthPlugin: Unloading","ts":"2026-03-11T22:58:33.259Z"},
{"category":"qone.Core","filename":"/home/andre/code/tmp/ttt/InfinityXR/src/libs/infinity_core/src/ui/menumodel.cpp","function":"void qone::core::MenuModel::rebuild()","level":"debug","line":108,"msg":"","title":"Rebuild MenuModel","ts":"2026-03-11T22:58:33.259Z"},
{"category":"qone.App","filename":"/home/andre/code/tmp/ttt/InfinityXR/src/app/bootstrap/appbootstrap.cpp","function":"void qone::infinity::AppBootstrap::build()","level":"debug","line":86,"msg":"","title":"Bootstrap Built successfully!","ts":"2026-03-11T22:58:33.259Z"},
{"category":"qml","filename":"qrc:/qt/qml/Infinity/views/Main.qml","function":"expression for onActiveChanged","level":"debug","line":52,"msg":"Fetching source","title":"Log","ts":"2026-03-11T22:58:35.392Z"},
{"category":"qone.Core","filename":"/home/andre/code/tmp/ttt/InfinityXR/src/libs/infinity_core/src/ui/viewregistry.cpp","function":"QUrl qone::core::ViewRegistry::getViewSource(const QString &) const","level":"debug","line":11,"msg":"login","title":"QML requesting","ts":"2026-03-11T22:58:35.392Z"},
{"category":"qone.Core","filename":"/home/andre/code/tmp/ttt/InfinityXR/src/libs/infinity_core/src/ui/viewregistry.cpp","function":"QUrl qone::core::ViewRegistry::getViewSource(const QString &) const","level":"debug","line":17,"msg":"qml\")","title":"Found! Returning:","ts":"2026-03-11T22:58:35.393Z"},
{"category":"qml","filename":"qrc:/qt/qml/Infinity/views/Main.qml","function":"expression for onActiveChanged","level":"debug","line":54,"msg":"qml","title":"Log","ts":"2026-03-11T22:58:35.393Z"},
{"category":"qml","filename":"qrc:/qt/qml/Infinity/views/Main.qml","function":"expression for onStatusChanged","level":"debug","line":63,"msg":"Loading component","title":"Log","ts":"2026-03-11T22:58:35.393Z"},
{"category":"qml","filename":"qrc:/qt/qml/Infinity/views/Main.qml","function":"expression for onSourceChanged","level":"debug","line":59,"msg":"qml","title":"Log","ts":"2026-03-11T22:58:35.393Z"},
{"category":"qone.Core","filename":"/home/andre/code/tmp/ttt/InfinityXR/src/libs/infinity_core/src/ui/sessionmanager.cpp","function":"void qone::core::SessionManager::setState(SessionState)","level":"debug","line":38,"msg":"State changed to: Authenticating","title":"SessionManager","ts":"2026-03-11T22:58:35.393Z"},
{"category":"qml","filename":"qrc:/qt/qml/Infinity/views/Main.qml","function":"expression for onSourceChanged","level":"debug","line":59,"msg":"qml","title":"Log","ts":"2026-03-11T22:58:35.418Z"},
{"category":"qml","filename":"qrc:/qt/qml/Infinity/views/Main.qml","function":"expression for onStatusChanged","level":"debug","line":65,"msg":"Component Ready!","title":"Log","ts":"2026-03-11T22:58:35.419Z"},
{"category":"qml","filename":"qrc:/qt/qml/Infinity/views/Main.qml","function":"expression for onLoaded","level":"debug","line":72,"msg":"","title":"Log","ts":"2026-03-11T22:58:35.419Z"},
{"category":"qone.Core","filename":"/home/andre/code/tmp/ttt/InfinityXR/src/libs/infinity_core/src/interaction/actiondispatcher.cpp","function":"void qone::core::ActionDispatcher::dispatch(const QString &, const QVariantMap &)","level":"info","line":42,"msg":"in\")))","title":"ActionDispatcher","ts":"2026-03-11T22:58:36.388Z"},
{"category":"qone.Core","filename":"/home/andre/code/tmp/ttt/InfinityXR/src/libs/infinity_core/src/interaction/actiondispatcher.cpp","function":"void qone::core::ActionDispatcher::execute(QUndoCommand *, bool)","level":"debug","line":30,"msg":"in","title":"Executing command:","ts":"2026-03-11T22:58:36.389Z"},
{"category":"qone.Core","filename":"/home/andre/code/tmp/ttt/InfinityXR/src/Plugins/Authentication/logincommand.cpp","function":"virtual void LoginCommand::redo()","level":"info","line":15,"msg":"","title":"LoginCommand:","ts":"2026-03-11T22:58:36.389Z"},
{"category":"qone.Network","filename":"/home/andre/code/tmp/ttt/InfinityXR/src/Plugins/Authentication/authservice.cpp","function":"virtual void AuthService::authenticate(const QString &, const QString &, std::function<void (qone::sdk::AuthResult)>)","level":"info","line":33,"msg":"","title":"Enviando requisicao de login para a API","ts":"2026-03-11T22:58:36.389Z"},
{"category":"qml","filename":"qrc:/qt/qml/Infinity/views/PrimaryWindow.qml","function":"expression for onCompleted","level":"debug","line":29,"msg":"rowCount: 2","title":"Log","ts":"2026-03-11T22:58:37.271Z"},
{"category":"qone.Core","filename":"/home/andre/code/tmp/ttt/InfinityXR/src/libs/infinity_core/src/ui/sessionmanager.cpp","function":"void qone::core::SessionManager::setState(SessionState)","level":"debug","line":38,"msg":"State changed to: Active","title":"SessionManager","ts":"2026-03-11T22:58:37.289Z"},
{"category":"qone.Core","filename":"/home/andre/code/tmp/ttt/InfinityXR/src/Plugins/Authentication/logincommand.cpp","function":"auto LoginCommand::redo()::(anonymous class)::operator()(qone::sdk::AuthResult) const","level":"info","line":23,"msg":"Login Success! Token: \"\"","title":"Log","ts":"2026-03-11T22:58:37.289Z"},
{"category":"qone.Core","filename":"/home/andre/code/tmp/ttt/InfinityXR/src/libs/infinity_core/src/services/dialogservice.cpp","function":"virtual void qone::core::DialogService::openDialog(const sdk::ViewId &)","level":"info","line":11,"msg":"preferences","title":"Preparing to send a signal to","ts":"2026-03-11T22:58:39.144Z"},
{"category":"qml","filename":"qrc:/qt/qml/Infinity/views/DialogManager.qml","function":"onOpenDialogRequested","level":"debug","line":17,"msg":"preferences  ]","title":"Log","ts":"2026-03-11T22:58:39.145Z"},
{"category":"qml","filename":"qrc:/qt/qml/Infinity/views/DialogManager.qml","function":"onOpenDialogRequested","level":"debug","line":21,"msg":"qml  ]","title":"Log","ts":"2026-03-11T22:58:39.145Z"},
{"category":"System","filename":"qrc:/qt/qml/Infinity/views/PreferencesDialog.qml","function":"","level":"warning","line":82,"msg":"qml:11:5","title":"Log","ts":"2026-03-11T22:58:39.171Z"},
{"category":"qone.Core","filename":"/home/andre/code/tmp/ttt/InfinityXR/src/libs/infinity_core/src/services/dialogservice.cpp","function":"virtual void qone::core::DialogService::openDialog(const sdk::ViewId &)","level":"info","line":15,"msg":"","title":"Signal successfully transmitted!","ts":"2026-03-11T22:58:39.172Z"},
{"category":"qone.Core","filename":"/home/andre/code/tmp/ttt/InfinityXR/src/libs/infinity_core/src/services/dialogservice.cpp","function":"virtual void qone::core::DialogService::openDialog(const sdk::ViewId &)","level":"info","line":11,"msg":"about","title":"Preparing to send a signal to","ts":"2026-03-11T22:58:41.290Z"},
{"category":"qml","filename":"qrc:/qt/qml/Infinity/views/DialogManager.qml","function":"onOpenDialogRequested","level":"debug","line":17,"msg":"about  ]","title":"Log","ts":"2026-03-11T22:58:41.291Z"},
{"category":"qml","filename":"qrc:/qt/qml/Infinity/views/DialogManager.qml","function":"onOpenDialogRequested","level":"debug","line":21,"msg":"qml  ]","title":"Log","ts":"2026-03-11T22:58:41.291Z"},
{"category":"qone.App","filename":"/home/andre/code/tmp/ttt/InfinityXR/src/app/services/screenhelper.cpp","function":"double qone::infinity::ScreenHelper::getDensityByName(const QString &)","level":"warning","line":29,"msg":"Returning default fallback: 4","title":"Screen name is empty","ts":"2026-03-11T22:58:41.297Z"},
{"category":"qone.App","filename":"/home/andre/code/tmp/ttt/InfinityXR/src/app/services/screenhelper.cpp","function":"double qone::infinity::ScreenHelper::getDensityByName(const QString &)","level":"debug","line":34,"msg":"Searching for screen: eDP-1","title":"Density Lookup:","ts":"2026-03-11T22:58:41.322Z"},
{"category":"qone.App","filename":"/home/andre/code/tmp/ttt/InfinityXR/src/app/services/screenhelper.cpp","function":"double qone::infinity::ScreenHelper::getDensityByName(const QString &)","level":"debug","line":60,"msg":"\"eDP-1\" Resolution: 1920x1080 PhysSize (mm): 344x194","title":"Hardware Name:","ts":"2026-03-11T22:58:41.322Z"},
{"category":"qone.App","filename":"/home/andre/code/tmp/ttt/InfinityXR/src/app/services/screenhelper.cpp","function":"double qone::infinity::ScreenHelper::getDensityByName(const QString &)","level":"debug","line":94,"msg":"57793 px/mm","title":"Density Calculated","ts":"2026-03-11T22:58:41.322Z"},
{"category":"qone.Core","filename":"/home/andre/code/tmp/ttt/InfinityXR/src/libs/infinity_core/src/services/dialogservice.cpp","function":"virtual void qone::core::DialogService::openDialog(const sdk::ViewId &)","level":"info","line":15,"msg":"","title":"Signal successfully transmitted!","ts":"2026-03-11T22:58:41.323Z"},
{"category":"qone.App","filename":"/home/andre/code/tmp/ttt/InfinityXR/src/Plugins/About/showaboutcommand.h","function":"virtual void ShowAboutCommand::redo()","level":"debug","line":27,"msg":"about","title":"ShowAboutCommand Requested","ts":"2026-03-11T22:58:41.324Z"},
{"category":"qone.App","filename":"/home/andre/code/tmp/ttt/InfinityXR/src/app/services/screenhelper.cpp","function":"double qone::infinity::ScreenHelper::getDensityByName(const QString &)","level":"warning","line":29,"msg":"Returning default fallback: 4","title":"Screen name is empty","ts":"2026-03-11T22:58:42.259Z"},
{"category":"qone.App","filename":"/home/andre/code/tmp/ttt/InfinityXR/src/app/main.cpp","function":"int main(int, char **)","level":"debug","line":88,"msg":"The application was successfully finished","ts":"2026-03-11T22:58:43.947Z"},
{"category":"qone.Core","filename":"/home/andre/code/tmp/ttt/InfinityXR/src/Plugins/Authentication/authplugin.cpp","function":"virtual void AuthPlugin::onUnload()","level":"info","line":26,"msg":"","title":"AuthPlugin: Unloading","ts":"2026-03-11T22:58:43.948Z"},
{"category":"qone.Sdk","filename":"/home/andre/code/tmp/ttt/InfinityXR/build/dev-debug/src/sdk/logging/logger.cpp","function":"void Infinity::Logging::init(const Config &)","level":"info","line":255,"msg":"","title":"Logger","ts":"2026-03-11T23:01:49.624Z"},
{"category":"qone.Sdk","filename":"/home/andre/code/tmp/ttt/InfinityXR/build/dev-debug/src/sdk/logging/logger.cpp","function":"void Infinity::Logging::init(const Config &)","level":"debug","line":256,"msg":"QList(QVariant(QString, \"Sdk\"), QVariant(QString, \"SdkEventBus\"), QVariant(QString, \"SdkPlugin\"), QVariant(QString, \"SdkAuth\"), QVariant(QString, \"SdkHttp\"), QVariant(QString, \"SdkCommand\"), QVariant(QString, \"Core\"), QVariant(QString, \"Network\"), QVariant(QString, \"Models\"), QVariant(QString, \"Style\"), QVariant(QString, \"App\"), QVariant(QString, \"qml\"))","title":"Available Logging Categories :","ts":"2026-03-11T23:01:49.624Z"},
{"category":"qone.App","filename":"/home/andre/code/tmp/ttt/InfinityXR/src/app/main.cpp","function":"int main(int, char **)","level":"debug","line":61,"msg":"0/gcc_64/qml","title":"Engine Path list:","ts":"2026-03-11T23:01:49.626Z"},
{"category":"qone.App","filename":"/home/andre/code/tmp/ttt/InfinityXR/src/app/bootstrap/appbootstrap.cpp","function":"qone::infinity::AppBootstrap::AppBootstrap(QQmlApplicationEngine &, QObject *)","level":"info","line":37,"msg":"Builder Created","title":"Bootstraping","ts":"2026-03-11T23:01:49.626Z"},
{"category":"qone.App","filename":"/home/andre/code/tmp/ttt/InfinityXR/src/app/bootstrap/installers/coreservicesinstaller.cpp","function":"virtual void qone::infinity::CoreServicesInstaller::installServices(AppBootstrapContext &)","level":"info","line":77,"msg":"/home/andre/code/tmp/ttt/InfinityXR/build/dev-debug/src/app/Plugins","title":"Search Plugins in directory","ts":"2026-03-11T23:01:49.627Z"},
{"category":"qone.App","filename":"/home/andre/code/tmp/ttt/InfinityXR/src/libs/infinity_core/src/ui/menumodel.cpp","function":"qone::core::MenuModel::MenuModel(qone::core::CommandRegistry *, QObject *)","level":"debug","line":16,"msg":"","title":"MenuModel: Constructor","ts":"2026-03-11T23:01:49.627Z"},
{"category":"qone.Core","filename":"/home/andre/code/tmp/ttt/InfinityXR/src/libs/infinity_core/src/services/serviceregistry.cpp","function":"virtual void qone::core::ServiceRegistry::registerService(const QString &, const QString &, QObject *)","level":"info","line":18,"msg":"IDialogService","title":"Registered","ts":"2026-03-11T23:01:49.627Z"},
{"category":"qone.Core","filename":"/home/andre/code/tmp/ttt/InfinityXR/src/libs/infinity_core/src/services/serviceregistry.cpp","function":"virtual void qone::core::ServiceRegistry::registerService(const QString &, const QString &, QObject *)","level":"info","line":18,"msg":"IEventBusService","title":"Registered","ts":"2026-03-11T23:01:49.627Z"},
{"category":"qone.Core","filename":"/home/andre/code/tmp/ttt/InfinityXR/src/libs/infinity_core/src/services/serviceregistry.cpp","function":"virtual void qone::core::ServiceRegistry::registerService(const QString &, const QString &, QObject *)","level":"info","line":18,"msg":"IHttpService","title":"Registered","ts":"2026-03-11T23:01:49.627Z"},
{"category":"qone.App","filename":"/home/andre/code/tmp/ttt/InfinityXR/src/app/bootstrap/installers/coreservicesinstaller.cpp","function":"virtual void qone::infinity::UiAndThemeInstaller::installServices(AppBootstrapContext &)","level":"debug","line":107,"msg":"en_US","title":"System locale","ts":"2026-03-11T23:01:49.627Z"},
{"category":"qone.App","filename":"/home/andre/code/tmp/ttt/InfinityXR/src/app/bootstrap/installers/coreservicesinstaller.cpp","function":"virtual void qone::infinity::UiAndThemeInstaller::installServices(AppBootstrapContext &)","level":"debug","line":119,"msg":"","title":"Registering Core UI","ts":"2026-03-11T23:01:49.627Z"},
{"category":"qone.Core","filename":"/home/andre/code/tmp/ttt/InfinityXR/src/libs/infinity_core/src/ui/viewregistry.cpp","function":"void qone::core::ViewRegistry::registerView(const qone::sdk::ViewDescriptor &)","level":"info","line":29,"msg":"preferences","title":"Storing View:","ts":"2026-03-11T23:01:49.627Z"},
{"category":"qone.Core","filename":"/home/andre/code/tmp/ttt/InfinityXR/src/libs/infinity_core/src/ui/menumodel.cpp","function":"void qone::core::MenuModel::rebuild()","level":"debug","line":108,"msg":"","title":"Rebuild MenuModel","ts":"2026-03-11T23:01:49.627Z"},
{"category":"qone.Core","filename":"/home/andre/code/tmp/ttt/InfinityXR/src/libs/infinity_core/src/kernel/pluginmanager.cpp","function":"void qone::core::PluginManager::loadSystemPlugins()","level":"info","line":40,"msg":"","title":"Loading System Plugins","ts":"2026-03-11T23:01:49.628Z"},
{"category":"qone.Core","filename":"/home/andre/code/tmp/ttt/InfinityXR/src/libs/infinity_core/src/kernel/pluginmanager.cpp","function":"void qone::core::PluginManager::loadSystemPlugins()","level":"info","line":47,"msg":"About","title":"Attempting to load system plugin:","ts":"2026-03-11T23:01:49.628Z"},
{"category":"qone.Core","filename":"/home/andre/code/tmp/ttt/InfinityXR/src/libs/infinity_core/src/kernel/pluginmanager.cpp","function":"bool qone::core::PluginManager::loadPlugin(const QString &)","level":"info","line":103,"msg":"About","title":"Entering loadPlugin for:","ts":"2026-03-11T23:01:49.628Z"},
{"category":"qone.Core","filename":"/home/andre/code/tmp/ttt/InfinityXR/src/libs/infinity_core/src/kernel/pluginmanager.cpp","function":"bool qone::core::PluginManager::loadPlugin(const QString &)","level":"info","line":116,"msg":"true","title":"Descriptor found","ts":"2026-03-11T23:01:49.628Z"},
{"category":"qone.Core","filename":"/home/andre/code/tmp/ttt/InfinityXR/src/libs/infinity_core/src/kernel/pluginmanager.cpp","function":"bool qone::core::PluginManager::loadPlugin(const QString &)","level":"info","line":137,"msg":"","title":"Plugin Loaded","ts":"2026-03-11T23:01:49.629Z"},
{"category":"qone.Core","filename":"/home/andre/code/tmp/ttt/InfinityXR/src/libs/infinity_core/src/kernel/viewextensionhandler.cpp","function":"virtual void qone::core::ViewExtensionHandler::onPluginLoaded(const QString &, PluginInstance *)","level":"info","line":21,"msg":"About","title":"ViewExtensionHandler:","ts":"2026-03-11T23:01:49.629Z"},
{"category":"qone.Core","filename":"/home/andre/code/tmp/ttt/InfinityXR/src/libs/infinity_core/src/ui/viewregistry.cpp","function":"void qone::core::ViewRegistry::registerView(const qone::sdk::ViewDescriptor &)","level":"info","line":29,"msg":"about","title":"Storing View:","ts":"2026-03-11T23:01:49.629Z"},
{"category":"qone.Core","filename":"/home/andre/code/tmp/ttt/InfinityXR/src/libs/infinity_core/src/kernel/commandextensionhandler.cpp","function":"virtual void qone::core::CommandExtensionHandler::onPluginLoaded(const QString &, PluginInstance *)","level":"info","line":23,"msg":"about","title":"Registered Command:","ts":"2026-03-11T23:01:49.629Z"},
{"category":"qone.SdkEventBus","filename":"/home/andre/code/tmp/ttt/InfinityXR/src/sdk/include/Infinity/sdk/contracts/IEventPublisher.h","function":"void qone::sdk::IEventPublisher::publish(const E &) [E = qone::sdk::events::PluginLoaded]","level":"debug","line":30,"msg":"\"Publishing event of type:\" N4qone3sdk6events12PluginLoadedE","title":"PUBLISH:","ts":"2026-03-11T23:01:49.629Z"},
{"category":"qone.Core","filename":"/home/andre/code/tmp/ttt/InfinityXR/src/libs/infinity_core/src/kernel/pluginmanager.cpp","function":"bool qone::core::PluginManager::loadPlugin(const QString &)","level":"info","line":154,"msg":"","title":"Plugin load flow complete","ts":"2026-03-11T23:01:49.629Z"},
{"category":"qone.Core","filename":"/home/andre/code/tmp/ttt/InfinityXR/src/libs/infinity_core/src/kernel/pluginmanager.cpp","function":"void qone::core::PluginManager::loadSystemPlugins()","level":"info","line":47,"msg":"Authentication","title":"Attempting to load system plugin:","ts":"2026-03-11T23:01:49.629Z"},
{"category":"qone.Core","filename":"/home/andre/code/tmp/ttt/InfinityXR/src/libs/infinity_core/src/kernel/pluginmanager.cpp","function":"bool qone::core::PluginManager::loadPlugin(const QString &)","level":"info","line":103,"msg":"Authentication","title":"Entering loadPlugin for:","ts":"2026-03-11T23:01:49.629Z"},
{"category":"qone.Core","filename":"/home/andre/code/tmp/ttt/InfinityXR/src/libs/infinity_core/src/kernel/pluginmanager.cpp","function":"bool qone::core::PluginManager::loadPlugin(const QString &)","level":"info","line":116,"msg":"true","title":"Descriptor found","ts":"2026-03-11T23:01:49.629Z"},
{"category":"qone.Core","filename":"/home/andre/code/tmp/ttt/InfinityXR/src/Plugins/Authentication/authplugin.cpp","function":"virtual void AuthPlugin::onLoad()","level":"info","line":22,"msg":"","title":"AuthPlugin: Loading System Plugin","ts":"2026-03-11T23:01:49.630Z"},
{"category":"qone.Core","filename":"/home/andre/code/tmp/ttt/InfinityXR/src/libs/infinity_core/src/kernel/pluginmanager.cpp","function":"bool qone::core::PluginManager::loadPlugin(const QString &)","level":"info","line":137,"msg":"","title":"Plugin Loaded","ts":"2026-03-11T23:01:49.630Z"},
{"category":"qone.Core","filename":"/home/andre/code/tmp/ttt/InfinityXR/src/Plugins/Authentication/authplugin.cpp","function":"virtual void *AuthPlugin::extension(const QString &)","level":"info","line":50,"msg":"IRequiresContext","title":"Extension Request","ts":"2026-03-11T23:01:49.630Z"},
{"category":"qone.Core","filename":"/home/andre/code/tmp/ttt/InfinityXR/src/Plugins/Authentication/authplugin.cpp","function":"virtual void *AuthPlugin::extension(const QString &)","level":"info","line":50,"msg":"IViewContributor","title":"Extension Request","ts":"2026-03-11T23:01:49.630Z"},
{"category":"qone.Core","filename":"/home/andre/code/tmp/ttt/InfinityXR/src/Plugins/Authentication/authplugin.cpp","function":"virtual void *AuthPlugin::extension(const QString &)","level":"info","line":61,"msg":"Returning ViewContributor","title":"AuthPlugin:","ts":"2026-03-11T23:01:49.630Z"},
{"category":"qone.Core","filename":"/home/andre/code/tmp/ttt/InfinityXR/src/Plugins/Authentication/authservice.cpp","function":"virtual QList<qone::sdk::ViewDescriptor> AuthService::views() const","level":"info","line":92,"msg":"Generating View Descriptor for Login","ts":"2026-03-11T23:01:49.630Z"},
{"category":"qone.Core","filename":"/home/andre/code/tmp/ttt/InfinityXR/src/Plugins/Authentication/authservice.cpp","function":"virtual QList<qone::sdk::ViewDescriptor> AuthService::views() const","level":"info","line":97,"msg":"qml\")","title":"Generated URL:","ts":"2026-03-11T23:01:49.630Z"},
{"category":"qone.Core","filename":"/home/andre/code/tmp/ttt/InfinityXR/src/libs/infinity_core/src/kernel/viewextensionhandler.cpp","function":"virtual void qone::core::ViewExtensionHandler::onPluginLoaded(const QString &, PluginInstance *)","level":"info","line":21,"msg":"Authentication","title":"ViewExtensionHandler:","ts":"2026-03-11T23:01:49.631Z"},
{"category":"qone.Core","filename":"/home/andre/code/tmp/ttt/InfinityXR/src/libs/infinity_core/src/ui/viewregistry.cpp","function":"void qone::core::ViewRegistry::registerView(const qone::sdk::ViewDescriptor &)","level":"info","line":29,"msg":"login","title":"Storing View:","ts":"2026-03-11T23:01:49.631Z"},
{"category":"qone.Core","filename":"/home/andre/code/tmp/ttt/InfinityXR/src/Plugins/Authentication/authplugin.cpp","function":"virtual void *AuthPlugin::extension(const QString &)","level":"info","line":50,"msg":"ICommandContributor","title":"Extension Request","ts":"2026-03-11T23:01:49.631Z"},
{"category":"qone.Core","filename":"/home/andre/code/tmp/ttt/InfinityXR/src/Plugins/Authentication/authplugin.cpp","function":"virtual void *AuthPlugin::extension(const QString &)","level":"info","line":66,"msg":"Returning CommandContributor","title":"AuthPlugin:","ts":"2026-03-11T23:01:49.631Z"},
{"category":"qone.Core","filename":"/home/andre/code/tmp/ttt/InfinityXR/src/libs/infinity_core/src/kernel/commandextensionhandler.cpp","function":"virtual void qone::core::CommandExtensionHandler::onPluginLoaded(const QString &, PluginInstance *)","level":"info","line":23,"msg":"login","title":"Registered Command:","ts":"2026-03-11T23:01:49.631Z"},
{"category":"qone.Core","filename":"/home/andre/code/tmp/ttt/InfinityXR/src/Plugins/Authentication/authplugin.cpp","function":"virtual void *AuthPlugin::extension(const QString &)","level":"info","line":50,"msg":"IAuthService","title":"Extension Request","ts":"2026-03-11T23:01:49.631Z"},
{"category":"qone.App","filename":"/home/andre/code/tmp/ttt/InfinityXR/src/app/bootstrap/authextensionhandler.h","function":"virtual void qone::infinity::AuthExtensionHandler::onPluginLoaded(const QString &, qone::core::PluginInstance *)","level":"info","line":24,"msg":"Authentication","title":"AuthExtensionHandler: Wiring AuthService from  Plugins","ts":"2026-03-11T23:01:49.631Z"},
{"category":"qone.Core","filename":"/home/andre/code/tmp/ttt/InfinityXR/src/Plugins/Authentication/authplugin.cpp","function":"virtual void *AuthPlugin::extension(const QString &)","level":"info","line":50,"msg":"IPreferencesContributor","title":"Extension Request","ts":"2026-03-11T23:01:49.631Z"},
{"category":"qone.SdkEventBus","filename":"/home/andre/code/tmp/ttt/InfinityXR/src/sdk/include/Infinity/sdk/contracts/IEventPublisher.h","function":"void qone::sdk::IEventPublisher::publish(const E &) [E = qone::sdk::events::PluginLoaded]","level":"debug","line":30,"msg":"\"Publishing event of type:\" N4qone3sdk6events12PluginLoadedE","title":"PUBLISH:","ts":"2026-03-11T23:01:49.631Z"},
{"category":"qone.Core","filename":"/home/andre/code/tmp/ttt/InfinityXR/src/libs/infinity_core/src/kernel/pluginmanager.cpp","function":"bool qone::core::PluginManager::loadPlugin(const QString &)","level":"info","line":154,"msg":"","title":"Plugin load flow complete","ts":"2026-03-11T23:01:49.631Z"},
{"category":"qone.Core","filename":"/home/andre/code/tmp/ttt/InfinityXR/src/Plugins/Authentication/authplugin.cpp","function":"virtual void AuthPlugin::onUnload()","level":"info","line":26,"msg":"","title":"AuthPlugin: Unloading","ts":"2026-03-11T23:01:49.631Z"},
{"category":"qone.Core","filename":"/home/andre/code/tmp/ttt/InfinityXR/src/libs/infinity_core/src/ui/menumodel.cpp","function":"void qone::core::MenuModel::rebuild()","level":"debug","line":108,"msg":"","title":"Rebuild MenuModel","ts":"2026-03-11T23:01:49.631Z"},
{"category":"qone.App","filename":"/home/andre/code/tmp/ttt/InfinityXR/src/app/bootstrap/appbootstrap.cpp","function":"void qone::infinity::AppBootstrap::build()","level":"debug","line":86,"msg":"","title":"Bootstrap Built successfully!","ts":"2026-03-11T23:01:49.631Z"},
{"category":"qml","filename":"qrc:/qt/qml/Infinity/views/Main.qml","function":"expression for onActiveChanged","level":"debug","line":52,"msg":"Fetching source","title":"Log","ts":"2026-03-11T23:01:51.793Z"},
{"category":"qone.Core","filename":"/home/andre/code/tmp/ttt/InfinityXR/src/libs/infinity_core/src/ui/viewregistry.cpp","function":"QUrl qone::core::ViewRegistry::getViewSource(const QString &) const","level":"debug","line":11,"msg":"login","title":"QML requesting","ts":"2026-03-11T23:01:51.793Z"},
{"category":"qone.Core","filename":"/home/andre/code/tmp/ttt/InfinityXR/src/libs/infinity_core/src/ui/viewregistry.cpp","function":"QUrl qone::core::ViewRegistry::getViewSource(const QString &) const","level":"debug","line":17,"msg":"qml\")","title":"Found! Returning:","ts":"2026-03-11T23:01:51.793Z"},
{"category":"qml","filename":"qrc:/qt/qml/Infinity/views/Main.qml","function":"expression for onActiveChanged","level":"debug","line":54,"msg":"qml","title":"Log","ts":"2026-03-11T23:01:51.793Z"},
{"category":"qml","filename":"qrc:/qt/qml/Infinity/views/Main.qml","function":"expression for onStatusChanged","level":"debug","line":63,"msg":"Loading component","title":"Log","ts":"2026-03-11T23:01:51.794Z"},
{"category":"qml","filename":"qrc:/qt/qml/Infinity/views/Main.qml","function":"expression for onSourceChanged","level":"debug","line":59,"msg":"qml","title":"Log","ts":"2026-03-11T23:01:51.794Z"},
{"category":"qone.Core","filename":"/home/andre/code/tmp/ttt/InfinityXR/src/libs/infinity_core/src/ui/sessionmanager.cpp","function":"void qone::core::SessionManager::setState(SessionState)","level":"debug","line":38,"msg":"State changed to: Authenticating","title":"SessionManager","ts":"2026-03-11T23:01:51.795Z"},
{"category":"qml","filename":"qrc:/qt/qml/Infinity/views/Main.qml","function":"expression for onSourceChanged","level":"debug","line":59,"msg":"qml","title":"Log","ts":"2026-03-11T23:01:51.827Z"},
{"category":"qml","filename":"qrc:/qt/qml/Infinity/views/Main.qml","function":"expression for onStatusChanged","level":"debug","line":65,"msg":"Component Ready!","title":"Log","ts":"2026-03-11T23:01:51.827Z"},
{"category":"qml","filename":"qrc:/qt/qml/Infinity/views/Main.qml","function":"expression for onLoaded","level":"debug","line":72,"msg":"","title":"Log","ts":"2026-03-11T23:01:51.827Z"},
{"category":"qone.Core","filename":"/home/andre/code/tmp/ttt/InfinityXR/src/libs/infinity_core/src/interaction/actiondispatcher.cpp","function":"void qone::core::ActionDispatcher::dispatch(const QString &, const QVariantMap &)","level":"info","line":42,"msg":"in\")))","title":"ActionDispatcher","ts":"2026-03-11T23:01:52.570Z"},
{"category":"qone.Core","filename":"/home/andre/code/tmp/ttt/InfinityXR/src/libs/infinity_core/src/interaction/actiondispatcher.cpp","function":"void qone::core::ActionDispatcher::execute(QUndoCommand *, bool)","level":"debug","line":30,"msg":"in","title":"Executing command:","ts":"2026-03-11T23:01:52.571Z"},
{"category":"qone.Core","filename":"/home/andre/code/tmp/ttt/InfinityXR/src/Plugins/Authentication/logincommand.cpp","function":"virtual void LoginCommand::redo()","level":"info","line":15,"msg":"","title":"LoginCommand:","ts":"2026-03-11T23:01:52.571Z"},
{"category":"qone.Network","filename":"/home/andre/code/tmp/ttt/InfinityXR/src/Plugins/Authentication/authservice.cpp","function":"virtual void AuthService::authenticate(const QString &, const QString &, std::function<void (qone::sdk::AuthResult)>)","level":"info","line":33,"msg":"","title":"Enviando requisicao de login para a API","ts":"2026-03-11T23:01:52.572Z"},
{"category":"qml","filename":"qrc:/qt/qml/Infinity/views/PrimaryWindow.qml","function":"expression for onCompleted","level":"debug","line":29,"msg":"rowCount: 2","title":"Log","ts":"2026-03-11T23:01:53.795Z"},
{"category":"qone.Core","filename":"/home/andre/code/tmp/ttt/InfinityXR/src/libs/infinity_core/src/ui/sessionmanager.cpp","function":"void qone::core::SessionManager::setState(SessionState)","level":"debug","line":38,"msg":"State changed to: Active","title":"SessionManager","ts":"2026-03-11T23:01:53.819Z"},
{"category":"qone.Core","filename":"/home/andre/code/tmp/ttt/InfinityXR/src/Plugins/Authentication/logincommand.cpp","function":"auto LoginCommand::redo()::(anonymous class)::operator()(qone::sdk::AuthResult) const","level":"info","line":23,"msg":"Login Success! Token: \"\"","title":"Log","ts":"2026-03-11T23:01:53.819Z"},
{"category":"qone.Core","filename":"/home/andre/code/tmp/ttt/InfinityXR/src/libs/infinity_core/src/services/dialogservice.cpp","function":"virtual void qone::core::DialogService::openDialog(const sdk::ViewId &)","level":"info","line":11,"msg":"preferences","title":"Preparing to send a signal to","ts":"2026-03-11T23:01:55.703Z"},
{"category":"qml","filename":"qrc:/qt/qml/Infinity/views/DialogManager.qml","function":"onOpenDialogRequested","level":"debug","line":17,"msg":"preferences  ]","title":"Log","ts":"2026-03-11T23:01:55.703Z"},
{"category":"qml","filename":"qrc:/qt/qml/Infinity/views/DialogManager.qml","function":"onOpenDialogRequested","level":"debug","line":21,"msg":"qml  ]","title":"Log","ts":"2026-03-11T23:01:55.703Z"},
{"category":"System","filename":"qrc:/qt/qml/Infinity/views/PreferencesDialog.qml","function":"","level":"warning","line":82,"msg":"qml:11:5","title":"Log","ts":"2026-03-11T23:01:55.730Z"},
{"category":"qone.Core","filename":"/home/andre/code/tmp/ttt/InfinityXR/src/libs/infinity_core/src/services/dialogservice.cpp","function":"virtual void qone::core::DialogService::openDialog(const sdk::ViewId &)","level":"info","line":15,"msg":"","title":"Signal successfully transmitted!","ts":"2026-03-11T23:01:55.732Z"},
{"category":"qone.Core","filename":"/home/andre/code/tmp/ttt/InfinityXR/src/libs/infinity_core/src/services/dialogservice.cpp","function":"virtual void qone::core::DialogService::openDialog(const sdk::ViewId &)","level":"info","line":11,"msg":"about","title":"Preparing to send a signal to","ts":"2026-03-11T23:02:00.636Z"},
{"category":"qml","filename":"qrc:/qt/qml/Infinity/views/DialogManager.qml","function":"onOpenDialogRequested","level":"debug","line":17,"msg":"about  ]","title":"Log","ts":"2026-03-11T23:02:00.636Z"},
{"category":"qml","filename":"qrc:/qt/qml/Infinity/views/DialogManager.qml","function":"onOpenDialogRequested","level":"debug","line":21,"msg":"qml  ]","title":"Log","ts":"2026-03-11T23:02:00.636Z"},
{"category":"qone.App","filename":"/home/andre/code/tmp/ttt/InfinityXR/src/app/services/screenhelper.cpp","function":"double qone::infinity::ScreenHelper::getDensityByName(const QString &)","level":"warning","line":29,"msg":"Returning default fallback: 4","title":"Screen name is empty","ts":"2026-03-11T23:02:00.637Z"},
{"category":"qone.App","filename":"/home/andre/code/tmp/ttt/InfinityXR/src/app/services/screenhelper.cpp","function":"double qone::infinity::ScreenHelper::getDensityByName(const QString &)","level":"debug","line":34,"msg":"Searching for screen: eDP-1","title":"Density Lookup:","ts":"2026-03-11T23:02:00.646Z"},
{"category":"qone.App","filename":"/home/andre/code/tmp/ttt/InfinityXR/src/app/services/screenhelper.cpp","function":"double qone::infinity::ScreenHelper::getDensityByName(const QString &)","level":"debug","line":60,"msg":"\"eDP-1\" Resolution: 1920x1080 PhysSize (mm): 344x194","title":"Hardware Name:","ts":"2026-03-11T23:02:00.646Z"},
{"category":"qone.App","filename":"/home/andre/code/tmp/ttt/InfinityXR/src/app/services/screenhelper.cpp","function":"double qone::infinity::ScreenHelper::getDensityByName(const QString &)","level":"debug","line":94,"msg":"57793 px/mm","title":"Density Calculated","ts":"2026-03-11T23:02:00.646Z"},
{"category":"qone.Core","filename":"/home/andre/code/tmp/ttt/InfinityXR/src/libs/infinity_core/src/services/dialogservice.cpp","function":"virtual void qone::core::DialogService::openDialog(const sdk::ViewId &)","level":"info","line":15,"msg":"","title":"Signal successfully transmitted!","ts":"2026-03-11T23:02:00.646Z"},
{"category":"qone.App","filename":"/home/andre/code/tmp/ttt/InfinityXR/src/Plugins/About/showaboutcommand.h","function":"virtual void ShowAboutCommand::redo()","level":"debug","line":27,"msg":"about","title":"ShowAboutCommand Requested","ts":"2026-03-11T23:02:00.646Z"},
{"category":"qone.App","filename":"/home/andre/code/tmp/ttt/InfinityXR/src/app/services/screenhelper.cpp","function":"double qone::infinity::ScreenHelper::getDensityByName(const QString &)","level":"warning","line":29,"msg":"Returning default fallback: 4","title":"Screen name is empty","ts":"2026-03-11T23:02:02.478Z"},
{"category":"qone.App","filename":"/home/andre/code/tmp/ttt/InfinityXR/src/app/main.cpp","function":"int main(int, char **)","level":"debug","line":88,"msg":"The application was successfully finished","ts":"2026-03-11T23:02:04.476Z"},
{"category":"qone.Core","filename":"/home/andre/code/tmp/ttt/InfinityXR/src/Plugins/Authentication/authplugin.cpp","function":"virtual void AuthPlugin::onUnload()","level":"info","line":26,"msg":"","title":"AuthPlugin: Unloading","ts":"2026-03-11T23:02:04.478Z"},
